# callgrind format
version: 1
creator: pprofile
event: usphit :microseconds/hit
events: hits microseconds usphit
cmd: ./send_reminders.py '2020-10-29|Example|Test1,Test2,Test3'
fl=/usr/lib/python3.8/re.py
fn=compile:250
250 5 89 17
252 5 87 17
cfl=/usr/lib/python3.8/re.py
cfn=_compile:289
calls=5 289
252 5 25290 5058
fn=_compile:289
289 5 24 4
291 5 29 5
292 2 33 16
cfl=/usr/lib/python3.8/types.py
cfn=__get__:171
calls=2 171
292 2 103 51
293 5 24 4
294 5 35 7
295 4 23 5
296 4 17 4
297 4 19 4
302 4 56 14
cfl=/usr/lib/python3.8/sre_compile.py
cfn=isstring:595
calls=4 595
302 4 40 10
304 4 80 20
cfl=/usr/lib/python3.8/sre_compile.py
cfn=compile:759
calls=4 759
304 4 24118 6029
305 4 69 17
cfl=/usr/lib/python3.8/enum.py
cfn=__and__:858
calls=4 858
305 4 545 136
306 4 24 6
312 4 24 6
313 4 18 4
fl=/usr/lib/python3.8/email/iterators.py
fn=<module>:5
5 2 34 17
7 1 6 6
8 1 5 5
9 1 6 6
10 1 6 6
14 1 9 9
15 1 15 15
20 1 7 7
34 1 6 6
45 1 6 6
59 1 13 13
fl=/usr/lib/python3.8/sre_compile.py
fn=isstring:595
595 8 25 3
596 8 42 5
fn=compile:759
759 4 20 5
762 4 52 13
cfl=/usr/lib/python3.8/sre_compile.py
cfn=isstring:595
calls=4 595
762 4 28 7
763 4 19 4
764 4 69 17
cfl=/usr/lib/python3.8/sre_parse.py
cfn=parse:937
calls=4 937
764 4 14687 3671
768 4 68 17
cfl=/usr/lib/python3.8/sre_compile.py
cfn=_code:598
calls=4 598
768 4 8737 2184
770 4 25 6
775 4 24 6
776 4 69 17
cfl=/usr/lib/python3.8/sre_parse.py
cfn=groups:81
calls=4 81
776 4 37 9
777 4 31 7
780 8 112 14
781 4 23 5
782 4 56 14
cfl=/usr/lib/python3.8/sre_parse.py
cfn=groups:81
calls=4 81
782 4 29 7
783 4 23 5
fn=_code:598
598 4 16 4
600 4 20 5
601 4 22 5
604 4 64 16
cfl=/usr/lib/python3.8/sre_compile.py
cfn=_compile_info:536
calls=4 536
604 4 3633 908
607 4 79 19
cfl=/usr/lib/python3.8/sre_compile.py
cfn=_compile:71
calls=4 71
607 4 4859 1214
609 4 22 5
611 4 18 4
fn=_compile_info:536
536 4 20 5
540 4 72 18
cfl=/usr/lib/python3.8/sre_parse.py
cfn=getwidth:174
calls=4 174
540 4 803 200
541 4 36 9
543 4 26 6
547 4 26 6
548 4 25 6
549 4 24 6
550 4 24 6
552 4 71 17
cfl=/usr/lib/python3.8/sre_compile.py
cfn=_get_literal_prefix:461
calls=4 461
552 4 627 156
554 4 21 5
555 3 62 20
cfl=/usr/lib/python3.8/sre_compile.py
cfn=_get_charset_prefix:492
calls=3 492
555 3 267 89
561 4 24 6
562 4 25 6
563 4 27 6
565 4 22 5
566 4 23 5
567 1 7 7
568 1 7 7
570 3 15 5
571 1 6 6
572 4 23 5
574 4 23 5
575 4 22 5
579 4 26 6
581 4 23 5
582 1 10 10
583 1 10 10
585 1 8 8
586 1 8 8
588 1 16 16
cfl=/usr/lib/python3.8/sre_compile.py
cfn=_generate_overlap_table:432
calls=1 432
588 1 18 18
589 3 15 5
590 1 25 25
cfl=/usr/lib/python3.8/sre_compile.py
cfn=_optimize_charset:276
calls=1 276
590 1 1015 1015
591 1 7 7
592 1 18 18
cfl=/usr/lib/python3.8/sre_compile.py
cfn=_compile_charset:249
calls=1 249
592 1 62 62
593 4 23 5
fn=_get_literal_prefix:461
461 5 39 7
463 5 36 7
464 5 36 7
465 5 36 7
466 5 89 17
cfl=/usr/lib/python3.8/sre_compile.py
cfn=_get_iscased:453
calls=5 453
466 5 77 15
467 6 43 7
468 6 40 6
469 2 14 7
470 1 6 6
471 1 7 7
472 4 25 6
473 1 8 8
474 1 23 23
cfl=/usr/lib/python3.8/sre_compile.py
cfn=_combine_flags:65
calls=1 65
474 1 22 22
475 1 8 8
477 1 25 25
cfl=/usr/lib/python3.8/sre_compile.py
cfn=_get_literal_prefix:461
calls=1 461
477 1 100 100
478 1 5 5
479 1 4 4
480 1 8 8
483 1 4 4
484 1 5 5
485 1 4 4
487 3 19 6
490 5 33 6
fn=_get_iscased:453
453 8 30 3
454 8 38 4
455 6 27 4
456 2 8 4
457 2 13 6
fn=_combine_flags:65
65 3 17 5
67 3 19 6
69 3 16 5
fn=_generate_overlap_table:432
432 1 4 4
441 1 5 5
442 1 5 5
451 1 3 3
fn=_compile:71
71 8 74 9
73 8 66 8
74 8 68 8
75 8 71 8
76 8 68 8
77 8 63 7
78 8 60 7
79 8 58 7
80 8 60 7
81 8 62 7
82 8 68 8
83 3 22 7
84 3 25 8
85 3 24 8
86 3 24 8
90 27 308 11
cfl=/usr/lib/python3.8/sre_parse.py
cfn=__getitem__:164
calls=8 164
90 8 110 13
91 19 147 7
92 11 80 7
93 6 44 7
94 6 46 7
95 5 36 7
98 5 39 7
99 1 7 7
100 1 9 9
102 4 30 7
103 4 29 7
106 4 30 7
107 4 37 9
108 4 31 7
119 8 58 7
120 2 50 25
cfl=/usr/lib/python3.8/sre_compile.py
cfn=_optimize_charset:276
calls=2 276
120 2 1852 926
121 2 17 8
123 2 16 8
124 2 15 7
129 2 19 9
130 2 41 20
cfl=/usr/lib/python3.8/sre_compile.py
cfn=_compile_charset:249
calls=2 249
130 2 148 74
131 2 17 8
132 6 45 7
133 1 7 7
136 1 9 9
137 5 41 8
138 2 14 7
140 2 40 20
cfl=/usr/lib/python3.8/sre_compile.py
cfn=_simple:423
calls=2 423
140 2 135 67
141 2 16 8
142 2 15 7
145 2 15 7
146 2 16 8
147 2 19 9
148 2 50 25
cfl=/usr/lib/python3.8/sre_compile.py
cfn=_compile:71
calls=2 71
148 2 1427 713
149 2 17 8
150 2 17 8
162 3 25 8
163 2 17 8
164 2 17 8
165 2 15 7
166 2 17 8
168 2 72 36
cfl=/usr/lib/python3.8/sre_compile.py
cfn=_combine_flags:65
calls=2 65
168 2 31 15
cfl=/usr/lib/python3.8/sre_compile.py
cfn=_compile:71
calls=2 71
168 2 750 375
169 2 16 8
170 2 15 7
171 2 15 7
172 1 6 6
174 1 9 9
187 1 9 9
193 1 8 8
194 1 8 8
195 1 8 8
196 1 15 15
197 1 9 9
199 1 9 9
200 1 8 8
201 1 8 8
fn=_simple:423
423 2 10 5
425 2 30 15
cfl=/usr/lib/python3.8/sre_parse.py
cfn=__len__:160
calls=2 160
425 2 17 8
427 2 31 15
cfl=/usr/lib/python3.8/sre_parse.py
cfn=__getitem__:164
calls=2 164
427 2 23 11
428 2 11 5
430 2 10 5
fn=_optimize_charset:276
276 3 31 10
278 3 26 8
279 3 24 8
280 3 27 9
281 3 22 7
282 38 251 6
284 35 236 6
285 35 228 6
286 32 204 6
295 32 211 6
296 3 19 6
297 3 22 7
298 3 27 9
311 25 149 5
312 22 130 5
331 35 222 6
334 3 20 6
335 3 21 7
337 9 72 8
338 9 57 6
340 9 57 6
341 3 17 5
342 3 19 6
343 6 39 6
344 6 38 6
347 6 38 6
348 3 19 6
363 3 20 6
364 3 59 19
cfl=/usr/lib/python3.8/sre_compile.py
cfn=_mk_bitmap:411
calls=3 411
364 3 482 160
365 3 24 8
366 3 21 7
367 3 20 6
fn=_mk_bitmap:411
411 3 18 6
412 3 24 8
413 6 72 12
cfl=/usr/lib/python3.8/sre_compile.py
cfn=<listcomp>:413
calls=3 413
413 3 346 115
414 3 20 6
fn=<listcomp>:413
413 54 250 4
414 24 95 3
fn=_compile_charset:249
249 3 24 8
251 3 18 6
252 6 52 8
253 3 20 6
254 3 15 5
256 3 15 5
258 3 18 6
261 3 15 5
262 3 16 5
274 3 14 4
fn=_get_charset_prefix:492
492 3 22 7
494 3 21 7
496 3 18 6
497 3 18 6
498 3 17 5
504 3 46 15
cfl=/usr/lib/python3.8/sre_compile.py
cfn=_get_iscased:453
calls=3 453
504 3 41 13
505 3 18 6
506 1 5 5
507 1 6 6
509 2 12 6
521 2 12 6
522 1 6 6
523 1 6 6
533 1 6 6
534 1 5 5
fl=/usr/lib/python3.8/email/message.py
fn=<module>:5
5 2 133 66
7 1 17 17
9 1 31 31
10 1 144 144
cfl=<frozen importlib._bootstrap>
cfn=_find_and_load:986
calls=1 986
10 1 5124 5124
11 1 36 36
12 1 41 41
15 1 90 90
cfl=<frozen importlib._bootstrap>
cfn=_handle_fromlist:1017
calls=1 1017
15 1 81 81
16 1 79 79
cfl=<frozen importlib._bootstrap>
cfn=_handle_fromlist:1017
calls=1 1017
16 1 46 46
17 1 40 40
18 1 78 78
cfl=<frozen importlib._bootstrap>
cfn=_handle_fromlist:1017
calls=1 1017
18 1 48 48
19 1 117 117
cfl=<frozen importlib._bootstrap>
cfn=_find_and_load:986
calls=1 986
19 1 11459 11459
20 1 37 37
22 1 33 33
26 1 115 115
cfl=/usr/lib/python3.8/re.py
cfn=compile:250
calls=1 250
26 1 7820 7820
29 1 34 34
39 1 31 31
73 1 38 38
93 1 31 31
105 1 153 153
cfl=/usr/lib/python3.8/email/message.py
cfn=Message:105
calls=1 105
105 1 4543 4543
945 1 125 125
cfl=/usr/lib/python3.8/email/message.py
cfn=MIMEPart:945
calls=1 945
945 1 466 466
1168 1 100 100
cfl=/usr/lib/python3.8/email/message.py
cfn=EmailMessage:1168
calls=1 1168
1168 1 44 44
fn=Message:105
105 2 65 32
106 1 12 12
120 1 21 21
132 1 30 30
137 1 22 22
161 1 20 20
166 1 20 20
181 1 20 20
188 1 19 19
191 1 20 20
197 1 20 20
213 1 20 20
303 1 20 20
323 1 24 24
370 1 20 20
378 1 20 20
382 1 20 20
393 1 20 20
411 1 20 20
423 1 23 23
426 1 22 22
430 1 20 20
440 1 21 21
451 1 20 20
462 1 20 20
479 1 25 25
486 1 22 22
497 1 24 24
515 1 20 20
545 1 19 19
564 1 20 20
588 1 19 19
597 1 19 19
606 1 18 18
615 1 19 19
624 1 19 19
645 1 20 20
667 1 19 19
701 1 20 20
752 1 19 19
774 1 19 19
806 1 24 24
822 1 24 24
835 1 22 22
881 1 20 20
911 1 19 19
929 1 19 19
942 1 80 80
cfl=<frozen importlib._bootstrap>
cfn=_find_and_load:986
calls=1 986
942 1 3433 3433
fn=MIMEPart:945
945 2 51 25
947 1 8 8
954 1 13 13
970 1 16 16
973 1 12 12
977 1 12 12
1006 1 12 12
1026 2 42 21
1027 1 12 12
1028 1 12 12
1029 1 12 12
1030 1 9 9
1085 1 13 13
1093 1 12 12
1098 1 12 12
1103 1 12 12
1130 1 15 15
1133 1 12 12
1136 1 12 12
1139 1 15 15
1149 1 16 16
1152 1 87 87
1155 1 13 13
1158 1 12 12
1162 1 13 13
fn=EmailMessage:1168
1168 2 38 19
1170 1 5 5
fl=/usr/lib/python3.8/email/_encoded_words.py
fn=<module>:1
1 2 33 16
42 1 5 5
43 1 10 10
44 1 7 7
45 1 9 9
46 1 13 13
47 1 20 20
cfl=<frozen importlib._bootstrap>
cfn=_handle_fromlist:1017
calls=1 1017
47 1 29 29
49 2 17 8
50 1 5 5
51 1 5 5
52 1 5 5
53 1 6 6
54 1 5 5
55 1 5 5
56 1 5 5
64 2 41 20
cfl=/usr/lib/python3.8/re.py
cfn=compile:250
calls=1 250
64 1 7898 7898
65 1 10 10
67 1 6 6
73 1 60 60
cfl=/usr/lib/python3.8/email/_encoded_words.py
cfn=_QByteMap:73
calls=1 73
73 1 32 32
84 1 10 10
87 1 11 11
89 1 10 10
92 1 10 10
100 1 9 9
138 1 9 9
141 1 9 9
147 1 9 9
148 1 9 9
149 1 9 9
152 1 9 9
194 1 9 9
195 1 9 9
196 1 9 9
199 1 9 9
200 1 9 9
201 1 9 9
204 1 10 10
fn=_QByteMap:73
73 2 17 8
75 1 8 8
77 1 5 5
fl=/usr/lib/python3.8/email/generator.py
fn=<module>:5
5 2 64 32
7 1 9 9
9 1 16 16
10 1 18 18
11 1 25 25
12 1 18 18
14 1 24 24
15 1 19 19
16 1 20 20
18 1 16 16
19 1 15 15
21 1 43 43
cfl=/usr/lib/python3.8/re.py
cfn=compile:250
calls=1 250
21 1 55 55
22 1 55 55
cfl=/usr/lib/python3.8/re.py
cfn=compile:250
calls=1 250
22 1 3558 3558
26 1 82 82
cfl=/usr/lib/python3.8/email/generator.py
cfn=Generator:26
calls=1 26
26 1 290 290
392 1 65 65
cfl=/usr/lib/python3.8/email/generator.py
cfn=BytesGenerator:392
calls=1 392
392 1 95 95
443 1 15 15
445 1 59 59
cfl=/usr/lib/python3.8/email/generator.py
cfn=DecodedGenerator:445
calls=1 445
445 1 50 50
504 1 18 18
505 1 17 17
508 1 19 19
fn=Generator:26
26 2 31 15
27 1 6 6
36 2 26 13
37 1 11 11
68 1 7 7
72 1 11 11
121 1 11 11
141 1 11 11
145 1 11 11
149 1 11 11
165 1 11 11
200 1 11 11
220 1 15 15
230 1 11 11
252 1 10 10
254 1 10 10
312 1 11 11
323 1 10 10
344 1 10 10
369 1 10 10
370 1 11 11
387 1 11 11
388 1 11 11
fn=BytesGenerator:392
392 2 24 12
393 1 5 5
405 1 7 7
408 1 10 10
411 1 7 7
414 1 10 10
422 1 7 7
435 1 8 8
437 1 6 6
438 1 7 7
fn=DecodedGenerator:445
445 2 22 11
446 1 4 4
451 2 12 6
452 1 5 5
481 1 5 5
fl=/usr/lib/python3.8/uu.py
fn=<module>:27
27 2 40 20
33 1 8 8
34 1 12 12
35 1 10 10
37 1 9 9
39 1 60 60
cfl=/usr/lib/python3.8/uu.py
cfn=Error:39
calls=1 39
39 1 17 17
42 1 9 9
100 1 8 8
167 1 8 8
205 1 8 8
fn=Error:39
39 2 13 6
40 1 4 4
fl=/usr/lib/python3.8/enum.py
fn=__and__:858
858 4 16 4
859 4 40 10
861 4 116 29
cfl=/usr/lib/python3.8/enum.py
cfn=__call__:289
calls=8 289
861 8 372 46
fn=__call__:289
289 8 36 4
314 8 39 4
315 8 127 15
cfl=/usr/lib/python3.8/enum.py
cfn=__new__:586
calls=8 586
315 8 169 21
fn=__new__:586
586 8 37 4
590 8 45 5
595 8 40 5
596 8 46 5
fn=value:689
689 2 9 4
692 2 14 7
fl=/usr/lib/python3.8/smtplib.py
fn=<module>:3
3 2 112 56
44 1 20 20
45 1 32 32
46 1 29 29
47 1 33 33
48 1 105 105
cfl=<frozen importlib._bootstrap>
cfn=_find_and_load:986
calls=1 986
48 1 34953 34953
49 1 105 105
cfl=<frozen importlib._bootstrap>
cfn=_find_and_load:986
calls=1 986
49 1 8173 8173
50 1 30 30
51 1 105 105
cfl=<frozen importlib._bootstrap>
cfn=_find_and_load:986
calls=1 986
51 1 13355 13355
52 1 31 31
53 1 32 32
54 1 31 31
55 1 38 38
57 2 54 27
58 1 27 27
59 1 26 26
60 1 26 26
62 1 15 15
63 1 26 26
64 1 28 28
65 1 26 26
66 1 26 26
68 1 106 106
cfl=/usr/lib/python3.8/re.py
cfn=compile:250
calls=1 250
68 1 6135 6135
71 1 119 119
cfl=/usr/lib/python3.8/smtplib.py
cfn=SMTPException:71
calls=1 71
71 1 40 40
74 1 114 114
cfl=/usr/lib/python3.8/smtplib.py
cfn=SMTPNotSupportedError:74
calls=1 74
74 1 38 38
81 1 94 94
cfl=/usr/lib/python3.8/smtplib.py
cfn=SMTPServerDisconnected:81
calls=1 81
81 1 37 37
89 1 93 93
cfl=/usr/lib/python3.8/smtplib.py
cfn=SMTPResponseException:89
calls=1 89
89 1 43 43
103 1 94 94
cfl=/usr/lib/python3.8/smtplib.py
cfn=SMTPSenderRefused:103
calls=1 103
103 1 43 43
116 1 86 86
cfl=/usr/lib/python3.8/smtplib.py
cfn=SMTPRecipientsRefused:116
calls=1 116
116 1 42 42
129 1 95 95
cfl=/usr/lib/python3.8/smtplib.py
cfn=SMTPDataError:129
calls=1 129
129 1 40 40
132 1 88 88
cfl=/usr/lib/python3.8/smtplib.py
cfn=SMTPConnectError:132
calls=1 132
132 1 36 36
135 1 88 88
cfl=/usr/lib/python3.8/smtplib.py
cfn=SMTPHeloError:135
calls=1 135
135 1 51 51
138 1 83 83
cfl=/usr/lib/python3.8/smtplib.py
cfn=SMTPAuthenticationError:138
calls=1 138
138 1 39 39
145 1 27 27
158 1 27 27
166 1 26 26
175 1 27 27
178 1 27 27
181 1 27 27
182 1 34 34
186 1 27 27
189 1 134 134
cfl=/usr/lib/python3.8/smtplib.py
cfn=SMTP:189
calls=1 189
189 1 957 957
996 1 27 27
998 1 93 93
cfl=/usr/lib/python3.8/smtplib.py
cfn=SMTP_SSL:998
calls=1 998
998 1 81 81
1046 1 28 28
1051 1 27 27
1053 1 93 93
cfl=/usr/lib/python3.8/smtplib.py
cfn=LMTP:1053
calls=1 1053
1053 1 80 80
1100 1 27 27
fn=SMTPException:71
71 2 35 17
72 1 5 5
fn=SMTPNotSupportedError:74
74 2 33 16
75 1 4 4
fn=SMTPServerDisconnected:81
81 2 33 16
82 1 4 4
fn=SMTPResponseException:89
89 2 33 16
90 1 4 4
98 1 5 5
fn=SMTPSenderRefused:103
103 2 33 16
104 1 4 4
110 1 5 5
fn=SMTPRecipientsRefused:116
116 2 32 16
117 1 4 4
124 1 5 5
fn=SMTPDataError:129
129 2 36 18
130 1 4 4
fn=SMTPConnectError:132
132 2 32 16
133 1 4 4
fn=SMTPHeloError:135
135 2 44 22
136 1 7 7
fn=SMTPAuthenticationError:138
138 2 34 17
139 1 5 5
fn=SMTP:189
189 2 58 29
190 1 11 11
218 1 19 19
220 1 17 17
221 1 21 21
222 1 18 18
223 1 18 18
224 1 18 18
225 1 20 20
226 1 24 24
228 2 37 18
229 1 19 19
230 1 18 18
275 1 11 11
278 1 18 18
288 1 20 20
297 1 18 18
303 1 18 18
311 1 19 19
346 1 18 18
365 1 18 18
373 1 18 18
422 1 22 22
428 1 19 19
438 1 27 27
489 1 19 19
493 1 19 19
499 1 18 18
504 1 21 21
516 1 18 18
520 1 18 18
541 1 18 18
549 1 23 23
578 1 18 18
583 1 18 18
585 1 18 18
592 1 18 18
609 1 19 19
648 1 18 18
657 1 21 21
662 1 18 18
670 1 18 18
736 1 18 18
792 1 19 19
896 1 18 18
973 1 18 18
986 1 18 18
fn=SMTP_SSL:998
998 2 34 17
999 1 5 5
1012 1 6 6
1014 2 12 6
1015 1 5 5
1016 1 5 5
1017 1 5 5
1037 1 5 5
fn=LMTP:1053
1053 2 43 21
1054 1 5 5
1067 1 5 5
1069 2 15 7
1070 1 6 6
1075 1 5 5
fl=/usr/lib/python3.8/hmac.py
fn=<module>:1
1 2 36 18
6 1 8 8
7 1 11 11
8 1 6 6
9 1 7 7
14 1 12 12
15 1 7 7
17 1 1919 1919
cfl=/usr/lib/python3.8/hmac.py
cfn=<genexpr>:17
calls=257 17
17 257 1595 6
18 1 2706 2706
cfl=/usr/lib/python3.8/hmac.py
cfn=<genexpr>:18
calls=257 18
18 257 2159 8
22 1 13 13
26 1 79 79
cfl=/usr/lib/python3.8/hmac.py
cfn=HMAC:26
calls=1 26
26 1 107 107
136 1 10 10
156 1 10 10
fn=<genexpr>:17
17 514 1595 3
fn=<genexpr>:18
18 514 2159 4
fn=HMAC:26
26 2 25 12
27 1 5 5
31 1 7 7
33 1 7 7
90 1 8 8
91 1 9 9
94 1 7 7
98 1 11 11
111 1 8 8
120 1 7 7
130 1 8 8
fl=<frozen importlib._bootstrap>
fn=_find_and_load:986
986 7 138 19
988 7 210 30
cfl=<frozen importlib._bootstrap>
cfn=__init__:143
calls=7 143
988 7 104 14
cfl=<frozen importlib._bootstrap>
cfn=__enter__:147
calls=7 147
988 7 1510 215
989 7 45 6
990 7 35 5
991 7 280 40
cfl=<frozen importlib._bootstrap>
cfn=_find_and_load_unlocked:956
calls=7 956
991 7 74124 10589
cfl=<frozen importlib._bootstrap>
cfn=__exit__:151
calls=7 151
991 7 457 65
cfl=<frozen importlib._bootstrap>
cfn=cb:176
calls=7 176
991 7 195 27
fn=__init__:143
143 7 29 4
144 7 39 5
145 7 35 5
fn=__enter__:147
147 7 25 3
148 7 108 15
cfl=<frozen importlib._bootstrap>
cfn=_get_module_lock:157
calls=7 157
148 7 875 125
149 7 100 14
cfl=<frozen importlib._bootstrap>
cfn=acquire:78
calls=7 78
149 7 400 57
fn=_get_module_lock:157
157 7 32 4
163 7 44 6
164 7 36 5
165 7 35 5
166 7 52 7
167 7 41 5
168 7 38 5
170 7 34 4
171 7 37 5
174 7 109 15
cfl=<frozen importlib._bootstrap>
cfn=__init__:58
calls=7 58
174 7 253 36
176 7 39 5
187 7 48 6
189 7 37 5
191 7 34 4
fn=__init__:58
58 7 34 4
59 7 45 6
60 7 42 6
61 7 34 4
62 7 31 4
63 7 30 4
64 7 33 4
fn=cb:176
176 7 26 3
177 7 38 5
178 7 29 4
182 7 34 4
183 7 33 4
185 7 32 4
fn=acquire:78
78 7 32 4
84 7 36 5
85 7 37 5
86 7 30 4
88 7 41 5
89 7 34 4
90 7 31 4
91 7 36 5
92 14 79 5
101 7 39 5
fn=_find_and_load_unlocked:956
956 7 38 5
957 7 41 5
958 7 45 6
959 7 39 5
960 4 22 5
963 4 24 6
965 4 22 5
966 4 21 5
967 4 25 6
971 7 125 17
cfl=<frozen importlib._bootstrap>
cfn=_find_spec:890
calls=7 890
971 7 14970 2138
972 7 39 5
975 7 122 17
cfl=<frozen importlib._bootstrap>
cfn=_load_unlocked:650
calls=7 650
975 7 69474 9924
976 7 40 5
978 4 22 5
979 4 41 10
980 7 38 5
fn=_find_spec:890
890 7 43 6
892 7 45 6
893 7 40 5
898 7 38 5
904 7 41 5
905 21 122 5
906 21 320 15
cfl=<frozen importlib._bootstrap>
cfn=__enter__:863
calls=21 863
906 21 174 8
907 21 106 5
908 21 116 5
914 21 529 25
cfl=<frozen importlib._bootstrap>
cfn=find_spec:725
calls=7 725
914 7 126 18
cfl=<frozen importlib._bootstrap>
cfn=__exit__:867
calls=21 867
914 21 189 9
cfl=<frozen importlib._bootstrap>
cfn=find_spec:800
calls=7 800
914 7 97 13
cfl=<frozen importlib._bootstrap_external>
cfn=find_spec:1334
calls=7 1334
914 7 12788 1826
915 21 111 5
917 7 39 5
932 7 37 5
fn=__enter__:863
863 21 74 3
865 21 99 4
fn=find_spec:725
725 7 31 4
727 7 35 5
728 4 16 4
729 3 26 8
732 3 16 5
fn=__exit__:867
867 21 77 3
869 21 111 5
fn=find_spec:800
800 7 24 3
802 7 41 5
805 7 31 4
fn=_verbose_message:222
222 79 291 3
224 79 391 4
fn=__init__:342
342 7 29 4
344 7 39 5
345 7 37 5
346 7 32 4
347 7 31 4
348 7 49 7
351 7 47 6
352 7 34 4
fn=_load_unlocked:650
650 7 30 4
652 7 35 5
654 7 36 5
657 7 99 14
cfl=<frozen importlib._bootstrap>
cfn=module_from_spec:549
calls=7 549
657 7 3920 560
662 7 36 5
663 7 30 4
664 7 73 10
665 7 34 4
666 7 33 4
671 7 130 18
cfl=<frozen importlib._bootstrap_external>
cfn=exec_module:777
calls=7 777
671 7 68606 9800
682 7 54 7
683 7 41 5
684 7 108 15
cfl=<frozen importlib._bootstrap>
cfn=_verbose_message:222
calls=7 222
684 7 71 10
686 7 37 5
688 7 37 5
fn=module_from_spec:549
549 7 29 4
552 7 33 4
553 7 40 5
556 7 100 14
cfl=<frozen importlib._bootstrap_external>
cfn=create_module:774
calls=7 774
556 7 57 8
560 7 31 4
561 7 93 13
cfl=<frozen importlib._bootstrap>
cfn=_new_module:35
calls=7 35
561 7 68 9
562 7 103 14
cfl=<frozen importlib._bootstrap>
cfn=_init_module_attrs:477
calls=7 477
562 7 3329 475
563 7 32 4
fn=_new_module:35
35 7 25 3
36 7 43 6
fn=_init_module_attrs:477
477 7 32 4
481 7 42 6
487 7 37 5
488 7 33 4
489 7 33 4
510 7 32 4
511 7 34 4
515 7 33 4
516 7 32 4
517 7 110 15
cfl=<frozen importlib._bootstrap>
cfn=parent:389
calls=7 389
517 7 99 14
521 7 34 4
522 7 33 4
526 7 65 9
527 7 36 5
533 7 106 15
cfl=<frozen importlib._bootstrap>
cfn=has_location:397
calls=7 397
533 7 55 7
534 7 48 6
535 7 34 4
536 7 36 5
540 7 44 6
541 7 98 14
cfl=<frozen importlib._bootstrap>
cfn=cached:376
calls=7 376
541 7 1967 281
542 7 35 5
543 7 94 13
cfl=<frozen importlib._bootstrap>
cfn=cached:376
calls=7 376
543 7 81 11
546 7 34 4
fn=parent:389
389 7 27 3
392 7 32 4
393 7 39 5
fn=has_location:397
397 7 24 3
399 7 30 4
fn=cached:376
376 14 46 3
378 14 61 4
379 7 31 4
380 7 29 4
382 7 108 15
cfl=<frozen importlib._bootstrap_external>
cfn=_get_cached:424
calls=7 424
382 7 1708 244
383 14 62 4
fn=_call_with_frames_removed:211
211 7 27 3
219 7 397 56
cfl=/usr/lib/python3.8/uu.py
cfn=<module>:27
calls=1 27
219 1 194 194
cfl=/usr/lib/python3.8/email/_encoded_words.py
cfn=<module>:1
calls=1 1
219 1 8411 8411
cfl=/usr/lib/python3.8/email/iterators.py
cfn=<module>:5
calls=1 5
219 1 118 118
cfl=/usr/lib/python3.8/email/message.py
cfn=<module>:5
calls=1 5
219 1 31149 31149
cfl=/usr/lib/python3.8/email/generator.py
cfn=<module>:5
calls=1 5
219 1 4679 4679
cfl=/usr/lib/python3.8/hmac.py
cfn=<module>:1
calls=1 1
219 1 8691 8691
cfl=/usr/lib/python3.8/smtplib.py
cfn=<module>:3
calls=1 3
219 1 66846 66846
fn=__exit__:151
151 7 29 4
152 7 111 15
cfl=<frozen importlib._bootstrap>
cfn=release:103
calls=7 103
152 7 316 45
fn=release:103
103 7 29 4
104 7 43 6
105 7 43 6
106 7 33 4
108 7 31 4
109 7 35 5
110 7 32 4
111 7 30 4
112 7 37 5
fn=_handle_fromlist:1017
1017 4 73 18
1027 8 47 5
1028 4 22 5
1035 4 22 5
1039 4 23 5
1051 4 17 4
fl=<frozen importlib._bootstrap_external>
fn=find_spec:1334
1334 7 31 4
1340 7 45 6
1341 3 17 5
1342 7 124 17
cfl=<frozen importlib._bootstrap_external>
cfn=_get_spec:1302
calls=7 1302
1342 7 12467 1781
1343 7 36 5
1345 7 33 4
1356 7 31 4
fn=_get_spec:1302
1302 7 39 5
1307 7 47 6
1308 16 90 5
1309 16 95 5
1311 16 239 14
cfl=<frozen importlib._bootstrap_external>
cfn=_path_importer_cache:1265
calls=16 1265
1311 16 1193 74
1312 16 83 5
1313 13 70 5
1314 13 233 17
cfl=<frozen importlib._bootstrap_external>
cfn=find_spec:1431
calls=13 1431
1314 13 10202 784
1317 13 71 5
1318 6 31 5
1319 7 33 4
1320 7 35 5
fn=_path_importer_cache:1265
1265 16 63 3
1273 16 81 5
1280 16 74 4
1281 16 85 5
1282 1 7 7
1283 1 20 20
cfl=<frozen importlib._bootstrap_external>
cfn=_path_hooks:1252
calls=1 1252
1283 1 779 779
1284 1 11 11
1285 16 70 4
fn=_path_hooks:1252
1252 1 8 8
1255 1 10 10
1257 2 15 7
1258 2 11 5
1259 2 49 24
cfl=<frozen zipimport>
cfn=__init__:63
calls=1 63
1259 1 204 204
cfl=<frozen importlib._bootstrap_external>
cfn=path_hook_for_FileFinder:1520
calls=1 1520
1259 1 462 462
1260 1 7 7
1261 1 8 8
fn=_path_stat:80
80 29 106 3
87 29 648 22
fn=path_hook_for_FileFinder:1520
1520 1 6 6
1522 1 20 20
cfl=<frozen importlib._bootstrap_external>
cfn=_path_isdir:104
calls=1 104
1522 1 132 132
1524 1 26 26
cfl=<frozen importlib._bootstrap_external>
cfn=__init__:1394
calls=1 1394
1524 1 277 277
fn=_path_isdir:104
104 1 5 5
106 1 6 6
108 1 24 24
cfl=<frozen importlib._bootstrap_external>
cfn=_path_is_mode_type:90
calls=1 90
108 1 96 96
fn=_path_is_mode_type:90
90 8 34 4
92 8 39 4
93 8 119 14
cfl=<frozen importlib._bootstrap_external>
cfn=_path_stat:80
calls=8 80
93 8 157 19
96 8 45 5
fn=__init__:1394
1394 1 8 8
1398 1 8 8
1399 4 32 8
1400 3 110 36
cfl=<frozen importlib._bootstrap_external>
cfn=<genexpr>:1400
calls=8 1400
1400 8 75 9
1401 1 8 8
1403 1 9 9
1404 1 8 8
1405 1 7 7
1406 1 7 7
fn=<genexpr>:1400
1400 16 75 4
fn=find_spec:1431
1431 13 82 6
1436 13 99 7
1437 13 86 6
1438 13 77 5
1439 13 238 18
cfl=<frozen importlib._bootstrap_external>
cfn=_path_stat:80
calls=13 80
1439 13 400 30
1442 13 94 7
1443 1 25 25
cfl=<frozen importlib._bootstrap_external>
cfn=_fill_cache:1479
calls=1 1479
1443 1 209 209
1444 1 8 8
1446 13 196 15
cfl=<frozen importlib._bootstrap_external>
cfn=_relax_case:40
calls=13 40
1446 13 106 8
1450 13 85 6
1451 13 75 5
1453 13 78 6
1465 64 365 5
1466 58 860 14
cfl=<frozen importlib._bootstrap_external>
cfn=_path_join:62
calls=58 62
1466 58 3310 57
1467 58 849 14
cfl=<frozen importlib._bootstrap>
cfn=_verbose_message:222
calls=58 222
1467 58 489 8
1468 58 333 5
1469 7 103 14
cfl=<frozen importlib._bootstrap_external>
cfn=_path_isfile:99
calls=7 99
1469 7 427 61
1470 14 157 11
cfl=<frozen importlib._bootstrap_external>
cfn=_get_spec:1426
calls=7 1426
1470 7 1332 190
1471 7 38 5
1472 6 31 5
1477 6 34 5
fn=_fill_cache:1479
1479 1 7 7
1481 1 8 8
1482 1 7 7
1483 1 151 151
1490 1 13 13
1491 1 11 11
1507 1 8 8
fn=_relax_case:40
40 13 50 3
42 13 56 4
fn=_path_join:62
62 72 252 3
64 144 1247 8
cfl=<frozen importlib._bootstrap_external>
cfn=<listcomp>:64
calls=72 64
64 72 2468 34
65 72 286 3
fn=<listcomp>:64
64 460 1855 4
65 158 613 3
fn=_path_isfile:99
99 7 27 3
101 7 101 14
cfl=<frozen importlib._bootstrap_external>
cfn=_path_is_mode_type:90
calls=7 90
101 7 299 42
fn=_get_spec:1426
1426 7 30 4
1427 7 105 15
cfl=<frozen importlib._bootstrap_external>
cfn=__init__:939
calls=7 939
1427 7 104 14
1428 14 254 18
cfl=<frozen importlib._bootstrap_external>
cfn=spec_from_file_location:629
calls=7 629
1428 7 805 115
1429 7 31 4
fn=__init__:939
939 7 25 3
942 7 38 5
943 7 40 5
fn=spec_from_file_location:629
629 7 41 5
641 7 48 6
653 7 44 6
661 7 133 19
cfl=<frozen importlib._bootstrap>
cfn=__init__:342
calls=7 342
661 7 302 43
662 7 40 5
665 7 38 5
675 7 40 5
686 7 38 5
687 7 40 5
692 7 37 5
fn=create_module:774
774 7 25 3
775 7 31 4
fn=_get_cached:424
424 7 25 3
425 7 47 6
426 7 30 4
427 7 123 17
cfl=<frozen importlib._bootstrap_external>
cfn=cache_from_source:294
calls=7 294
427 7 1482 211
fn=cache_from_source:294
294 14 82 5
312 14 88 6
319 14 88 6
320 14 218 15
cfl=<frozen importlib._bootstrap_external>
cfn=_path_split:68
calls=14 68
320 14 283 20
321 14 98 7
322 14 92 6
323 14 75 5
325 14 83 5
326 14 75 5
327 14 76 5
328 14 72 5
331 14 73 5
332 14 69 4
336 14 82 5
337 14 74 5
362 14 212 15
cfl=<frozen importlib._bootstrap_external>
cfn=_path_join:62
calls=14 62
362 14 942 67
fn=_path_split:68
68 14 56 4
70 14 75 5
71 14 80 5
72 14 70 5
fn=exec_module:777
777 7 31 4
779 7 134 19
cfl=<frozen importlib._bootstrap_external>
cfn=get_code:849
calls=7 849
779 7 6881 983
780 7 34 4
783 7 126 18
cfl=<frozen importlib._bootstrap>
cfn=_call_with_frames_removed:211
calls=7 211
783 7 67024 9574
fn=get_code:849
849 7 49 7
856 7 132 18
cfl=<frozen importlib._bootstrap_external>
cfn=_check_name_wrapper:456
calls=7 456
856 7 284 40
857 7 46 6
858 7 46 6
859 7 45 6
860 7 41 5
861 7 41 5
862 7 40 5
863 7 120 17
cfl=<frozen importlib._bootstrap_external>
cfn=cache_from_source:294
calls=7 294
863 7 1308 186
867 7 41 5
868 7 112 16
cfl=<frozen importlib._bootstrap_external>
cfn=path_stats:1010
calls=7 1010
868 7 270 38
872 7 49 7
873 7 36 5
874 7 124 17
cfl=<frozen importlib._bootstrap_external>
cfn=get_data:969
calls=7 969
874 7 600 85
878 7 37 5
879 7 40 5
880 7 39 5
882 7 37 5
883 7 105 15
cfl=<frozen importlib._bootstrap_external>
cfn=_classify_pyc:493
calls=7 493
883 7 402 57
884 7 55 7
885 7 38 5
886 7 34 4
899 14 131 9
cfl=<frozen importlib._bootstrap_external>
cfn=_validate_timestamp_pyc:526
calls=7 526
899 7 416 59
900 7 34 4
901 7 33 4
902 7 33 4
903 7 33 4
904 7 36 5
909 14 136 9
cfl=<frozen importlib._bootstrap>
cfn=_verbose_message:222
calls=7 222
909 7 63 9
910 7 36 5
911 14 139 9
cfl=<frozen importlib._bootstrap_external>
cfn=_compile_bytecode:578
calls=7 578
911 7 1533 219
912 7 33 4
913 7 32 4
fn=_check_name_wrapper:456
456 7 35 5
457 7 36 5
459 7 35 5
462 7 108 15
cfl=<frozen importlib._bootstrap_external>
cfn=get_filename:964
calls=7 964
462 7 69 9
fn=get_filename:964
964 7 22 3
967 7 46 6
fn=path_stats:1010
1010 7 27 3
1012 7 88 12
cfl=<frozen importlib._bootstrap_external>
cfn=_path_stat:80
calls=7 80
1012 7 116 16
1013 7 37 5
fn=get_data:969
969 7 25 3
971 7 36 5
972 7 297 42
973 7 240 34
fn=_classify_pyc:493
493 7 30 4
509 7 53 7
510 7 33 4
514 7 33 4
518 7 90 12
cfl=<frozen importlib._bootstrap_external>
cfn=_unpack_uint32:51
calls=7 51
518 7 97 13
520 7 34 4
523 7 29 4
fn=_unpack_uint32:51
51 21 60 2
53 21 84 4
54 21 101 4
fn=_validate_timestamp_pyc:526
526 7 31 4
545 7 91 13
cfl=<frozen importlib._bootstrap_external>
cfn=_unpack_uint32:51
calls=7 51
545 7 76 10
549 14 61 4
550 7 82 11
cfl=<frozen importlib._bootstrap_external>
cfn=_unpack_uint32:51
calls=7 51
550 7 71 10
fn=_compile_bytecode:578
578 7 28 4
580 7 1164 166
581 7 71 10
582 7 108 15
cfl=<frozen importlib._bootstrap>
cfn=_verbose_message:222
calls=7 222
582 7 59 8
583 7 33 4
584 7 36 5
585 7 30 4
fl=<frozen zipimport>
fn=__init__:63
63 1 10 10
64 1 15 15
67 1 9 9
69 1 8 8
72 1 8 8
74 1 8 8
75 1 33 33
cfl=<frozen importlib._bootstrap_external>
cfn=_path_stat:80
calls=1 80
75 1 80 80
86 1 13 13
88 1 17 17
fl=/usr/lib/python3.8/types.py
fn=__get__:171
171 2 11 5
172 2 21 10
176 2 10 5
178 2 35 17
cfl=/usr/lib/python3.8/enum.py
cfn=value:689
calls=2 689
178 2 24 12
fl=/usr/lib/python3.8/sre_parse.py
fn=parse:937
937 4 19 4
940 4 64 16
cfl=/usr/lib/python3.8/sre_parse.py
cfn=__init__:224
calls=4 224
940 4 1354 338
942 4 19 4
943 4 52 13
cfl=/usr/lib/python3.8/sre_parse.py
cfn=__init__:76
calls=4 76
943 4 78 19
944 4 18 4
945 4 18 4
947 4 16 4
948 4 74 18
cfl=/usr/lib/python3.8/sre_parse.py
cfn=_parse_sub:435
calls=4 435
948 4 12737 3184
958 4 60 15
cfl=/usr/lib/python3.8/sre_parse.py
cfn=fix_flags:921
calls=4 921
958 4 117 29
960 4 19 4
964 4 18 4
967 4 18 4
fn=__init__:224
224 4 1041 260
225 4 39 9
226 4 19 4
227 4 16 4
228 1 7 7
229 4 16 4
230 4 17 4
231 4 15 3
232 4 57 14
cfl=/usr/lib/python3.8/sre_parse.py
cfn=__next:233
calls=4 233
232 4 123 30
fn=__next:233
233 54 154 2
234 54 211 3
235 54 196 3
236 54 221 4
237 4 19 4
238 4 19 4
239 4 16 4
240 50 175 3
241 6 22 3
242 6 25 4
243 6 26 4
247 50 185 3
248 50 178 3
fn=__init__:76
76 4 13 3
77 4 16 4
78 4 15 3
79 4 16 4
80 4 15 3
fn=_parse_sub:435
435 6 36 6
438 6 36 6
439 6 35 5
440 6 34 5
441 6 81 13
cfl=/usr/lib/python3.8/sre_parse.py
cfn=tell:286
calls=6 286
441 6 47 7
443 12 194 16
cfl=/usr/lib/python3.8/sre_parse.py
cfn=_parse:493
calls=6 493
443 6 12234 2039
444 6 30 5
445 6 82 13
cfl=/usr/lib/python3.8/sre_parse.py
cfn=match:249
calls=6 249
445 6 66 11
446 6 31 5
448 6 32 5
449 6 30 5
fn=tell:286
286 12 42 3
287 12 53 4
fn=_parse:493
493 6 74 12
495 6 130 21
cfl=/usr/lib/python3.8/sre_parse.py
cfn=__init__:111
calls=6 111
495 6 149 24
498 6 65 10
499 6 63 10
500 6 62 10
501 6 63 10
502 6 65 10
506 25 258 10
507 25 244 9
508 4 38 9
509 21 202 9
510 2 16 8
511 19 371 19
cfl=/usr/lib/python3.8/sre_parse.py
cfn=get:254
calls=19 254
511 19 952 50
513 19 186 9
524 19 202 10
528 19 188 9
529 11 228 20
cfl=/usr/lib/python3.8/sre_parse.py
cfn=append:172
calls=11 172
529 11 98 8
531 8 71 8
532 2 36 18
cfl=/usr/lib/python3.8/sre_parse.py
cfn=tell:286
calls=2 286
532 2 15 7
534 2 20 10
535 2 18 9
538 2 19 9
544 2 36 18
cfl=/usr/lib/python3.8/sre_parse.py
cfn=match:249
calls=2 249
544 2 22 11
547 21 397 18
cfl=/usr/lib/python3.8/sre_parse.py
cfn=get:254
calls=21 254
547 21 1118 53
548 21 201 9
551 21 195 9
552 2 16 8
553 19 177 9
554 6 141 23
cfl=/usr/lib/python3.8/sre_parse.py
cfn=_class_escape:295
calls=6 295
554 6 453 75
556 13 120 9
567 13 144 11
568 19 365 19
cfl=/usr/lib/python3.8/sre_parse.py
cfn=match:249
calls=19 249
568 19 311 16
570 3 42 14
cfl=/usr/lib/python3.8/sre_parse.py
cfn=get:254
calls=3 254
570 3 100 33
571 3 21 7
574 3 20 6
580 3 20 6
583 3 20 6
590 3 21 7
591 3 22 7
594 3 20 6
595 3 21 7
596 3 21 7
599 3 21 7
601 16 160 10
603 16 164 10
605 2 41 20
cfl=/usr/lib/python3.8/sre_parse.py
cfn=_uniq:432
calls=2 432
605 2 32 16
607 2 20 10
614 2 18 9
618 2 54 27
cfl=/usr/lib/python3.8/sre_parse.py
cfn=append:172
calls=2 172
618 2 22 11
620 6 56 9
622 2 35 17
cfl=/usr/lib/python3.8/sre_parse.py
cfn=tell:286
calls=2 286
622 2 14 7
623 2 18 9
625 2 20 10
626 1 10 10
628 1 8 8
630 1 7 7
631 1 7 7
635 1 9 9
636 1 8 8
637 2 18 9
638 1 32 32
cfl=/usr/lib/python3.8/sre_parse.py
cfn=get:254
calls=1 254
638 1 35 35
639 1 17 17
cfl=/usr/lib/python3.8/sre_parse.py
cfn=match:249
calls=1 249
639 1 8 8
643 1 8 8
644 1 15 15
cfl=/usr/lib/python3.8/sre_parse.py
cfn=match:249
calls=1 249
644 1 33 33
649 1 7 7
650 1 9 9
651 1 8 8
653 1 7 7
654 1 8 8
655 1 7 7
657 1 8 8
663 2 43 21
cfl=/usr/lib/python3.8/sre_parse.py
cfn=__len__:160
calls=2 160
663 2 18 9
664 2 42 21
cfl=/usr/lib/python3.8/sre_parse.py
cfn=__getitem__:164
calls=2 164
664 2 206 103
667 2 56 28
cfl=/usr/lib/python3.8/sre_parse.py
cfn=__len__:160
calls=2 160
667 2 14 7
cfl=/usr/lib/python3.8/sre_parse.py
cfn=__getitem__:164
calls=2 164
667 2 22 11
670 2 38 19
cfl=/usr/lib/python3.8/sre_parse.py
cfn=__getitem__:164
calls=2 164
670 2 20 10
673 2 39 19
cfl=/usr/lib/python3.8/sre_parse.py
cfn=__getitem__:164
calls=2 164
673 2 20 10
677 2 35 17
cfl=/usr/lib/python3.8/sre_parse.py
cfn=match:249
calls=2 249
677 2 20 10
680 2 38 19
cfl=/usr/lib/python3.8/sre_parse.py
cfn=__setitem__:168
calls=2 168
680 2 16 8
682 4 42 10
683 1 23 23
cfl=/usr/lib/python3.8/sre_parse.py
cfn=append:172
calls=1 172
683 1 9 9
685 3 32 10
686 2 37 18
cfl=/usr/lib/python3.8/sre_parse.py
cfn=tell:286
calls=2 286
686 2 17 8
687 2 19 9
688 2 19 9
689 2 19 9
690 2 18 9
691 2 38 19
cfl=/usr/lib/python3.8/sre_parse.py
cfn=match:249
calls=2 249
691 2 29 14
827 2 18 9
828 2 18 9
829 2 39 19
cfl=/usr/lib/python3.8/sre_parse.py
cfn=opengroup:84
calls=2 84
829 2 114 57
832 4 38 9
834 2 47 23
cfl=/usr/lib/python3.8/sre_parse.py
cfn=_parse_sub:435
calls=2 435
834 2 3245 1622
835 2 45 22
cfl=/usr/lib/python3.8/sre_parse.py
cfn=match:249
calls=2 249
835 2 105 52
838 2 24 12
839 2 49 24
cfl=/usr/lib/python3.8/sre_parse.py
cfn=closegroup:96
calls=2 96
839 2 440 220
840 2 41 20
cfl=/usr/lib/python3.8/sre_parse.py
cfn=append:172
calls=2 172
840 2 16 8
842 1 10 10
843 1 28 28
cfl=/usr/lib/python3.8/sre_parse.py
cfn=append:172
calls=1 172
843 1 10 10
852 23 311 13
cfl=/usr/lib/python3.8/sre_parse.py
cfn=__len__:160
calls=6 160
852 6 48 8
853 17 337 19
cfl=/usr/lib/python3.8/sre_parse.py
cfn=__getitem__:164
calls=17 164
853 17 205 12
854 17 169 9
855 2 16 8
856 2 18 9
859 6 52 8
fn=__init__:111
111 8 31 3
112 8 162 20
113 8 33 4
114 6 22 3
115 8 30 3
116 8 30 3
fn=get:254
254 44 182 4
255 44 176 4
256 44 486 11
cfl=/usr/lib/python3.8/sre_parse.py
cfn=__next:233
calls=44 233
256 44 1201 27
257 44 160 3
fn=append:172
172 17 74 4
173 17 82 4
fn=match:249
249 35 129 3
250 35 140 4
251 6 61 10
cfl=/usr/lib/python3.8/sre_parse.py
cfn=__next:233
calls=6 233
251 6 129 21
252 6 19 3
253 29 116 4
fn=opengroup:84
84 2 12 6
85 2 25 12
cfl=/usr/lib/python3.8/sre_parse.py
cfn=groups:81
calls=2 81
85 2 16 8
86 2 8 4
87 2 22 11
cfl=/usr/lib/python3.8/sre_parse.py
cfn=groups:81
calls=2 81
87 2 11 5
89 2 7 3
95 2 9 4
fn=groups:81
81 12 41 3
83 12 54 4
fn=_uniq:432
432 2 9 4
433 2 23 11
fn=__len__:160
160 12 47 3
161 12 52 4
fn=__getitem__:164
164 35 133 3
165 35 154 4
166 2 27 13
cfl=/usr/lib/python3.8/sre_parse.py
cfn=__init__:111
calls=2 111
166 2 160 80
167 33 133 4
fn=__setitem__:168
168 2 8 4
169 2 8 4
fn=closegroup:96
96 2 12 6
97 2 31 15
cfl=/usr/lib/python3.8/sre_parse.py
cfn=getwidth:174
calls=2 174
97 2 396 198
fn=getwidth:174
174 10 88 8
176 10 56 5
177 2 10 5
178 8 39 4
179 27 148 5
180 19 102 5
189 19 94 4
193 19 90 4
194 2 36 18
cfl=/usr/lib/python3.8/sre_parse.py
cfn=getwidth:174
calls=2 174
194 2 29 14
195 2 13 6
196 2 12 6
197 17 91 5
198 2 44 22
cfl=/usr/lib/python3.8/sre_parse.py
cfn=getwidth:174
calls=2 174
198 2 211 105
199 2 13 6
200 2 14 7
201 15 74 4
202 14 74 5
203 14 71 5
204 1 5 5
208 1 9 9
218 1 6 6
220 8 58 7
221 8 41 5
fn=fix_flags:921
921 4 16 4
923 4 20 5
924 3 14 4
926 3 17 5
927 3 22 7
931 1 4 4
933 1 3 3
935 4 17 4
fn=_class_escape:295
295 6 37 6
297 6 35 5
298 6 31 5
299 1 5 5
300 5 27 5
301 5 24 4
303 5 24 4
304 5 26 5
305 5 25 5
311 5 25 5
317 5 24 4
325 5 24 4
337 5 27 5
345 5 25 5
347 5 27 5
348 5 29 5
350 5 31 6
fl=./send_reminders.py
fn=<module>:4
4 2 72 36
5 1 14 14
6 1 33 33
cfl=<frozen importlib._bootstrap>
cfn=_find_and_load:986
calls=1 986
6 1 74700 74700
7 1 12 12
9 1 7 7
16 1 7 7
20 1 7 7
35 1 7 7
48 1 7 7
60 1 7 7
61 1 30 30
cfl=./send_reminders.py
cfn=main:48
calls=1 48
61 1 128 128
fn=main:48
48 1 7 7
49 1 47 47
50 1 10 10
53 1 7 7
54 1 11 11
57 1 8 8
58 1 36 36
